2019-06-22 21:44:30.970  INFO 15704 --- [main] s.a.StudentInformationServiceApplication : Starting StudentInformationServiceApplication on DESKTOP-TNVIL19 with PID 15704 (E:\Development\student-and-instructor-information-system\services\spring-boot\student-information-service\target\classes started by Tenusha in E:\Development\student-and-instructor-information-system\services\spring-boot\student-information-service)
2019-06-22 21:44:30.973  INFO 15704 --- [main] s.a.StudentInformationServiceApplication : The following profiles are active: dev
2019-06-22 21:44:32.670  INFO 15704 --- [main] .s.d.r.c.RepositoryConfigurationDelegate : Bootstrapping Spring Data repositories in DEFAULT mode.
2019-06-22 21:44:32.757  INFO 15704 --- [main] .s.d.r.c.RepositoryConfigurationDelegate : Finished Spring Data repository scanning in 80ms. Found 2 repository interfaces.
2019-06-22 21:44:33.709  INFO 15704 --- [main] o.s.b.w.embedded.tomcat.TomcatWebServer  : Tomcat initialized with port(s): 9090 (http)
2019-06-22 21:44:33.735  INFO 15704 --- [main] o.apache.catalina.core.StandardService   : Starting service [Tomcat]
2019-06-22 21:44:33.735  INFO 15704 --- [main] org.apache.catalina.core.StandardEngine  : Starting Servlet engine: [Apache Tomcat/9.0.17]
2019-06-22 21:44:33.876  INFO 15704 --- [main] o.a.c.c.C.[Tomcat].[localhost].[/]       : Initializing Spring embedded WebApplicationContext
2019-06-22 21:44:33.877  INFO 15704 --- [main] o.s.web.context.ContextLoader            : Root WebApplicationContext: initialization completed in 2853 ms
2019-06-22 21:44:34.778  INFO 15704 --- [main] org.mongodb.driver.cluster               : Cluster created with settings {hosts=[localhost:27017], mode=MULTIPLE, requiredClusterType=UNKNOWN, serverSelectionTimeout='30000 ms', maxWaitQueueSize=500}
2019-06-22 21:44:34.779  INFO 15704 --- [main] org.mongodb.driver.cluster               : Adding discovered server localhost:27017 to client view of cluster
2019-06-22 21:44:34.866  INFO 15704 --- [cluster-ClusterId{value='5d0e53ea16cc7b3d58da86f6', description='null'}-localhost:27017] org.mongodb.driver.connection            : Opened connection [connectionId{localValue:1, serverValue:22}] to localhost:27017
2019-06-22 21:44:34.872  INFO 15704 --- [cluster-ClusterId{value='5d0e53ea16cc7b3d58da86f6', description='null'}-localhost:27017] org.mongodb.driver.cluster               : Monitor thread successfully connected to server with description ServerDescription{address=localhost:27017, type=STANDALONE, state=CONNECTED, ok=true, version=ServerVersion{versionList=[4, 0, 9]}, minWireVersion=0, maxWireVersion=7, maxDocumentSize=16777216, logicalSessionTimeoutMinutes=30, roundTripTimeNanos=3846700}
2019-06-22 21:44:34.874  INFO 15704 --- [cluster-ClusterId{value='5d0e53ea16cc7b3d58da86f6', description='null'}-localhost:27017] org.mongodb.driver.cluster               : Discovered cluster type of STANDALONE
2019-06-22 21:44:35.192  INFO 15704 --- [main] org.mongodb.driver.connection            : Opened connection [connectionId{localValue:2, serverValue:23}] to localhost:27017
2019-06-22 21:44:35.472  INFO 15704 --- [main] com.sliit.af.aspect.LoggingAspect        : begin executing execution(BCryptPasswordEncoder com.sliit.af.config.BeanConfig.bCryptPasswordEncoder()) with parameters []
2019-06-22 21:44:36.038  INFO 15704 --- [main] com.sliit.af.aspect.LoggingAspect        : begin executing execution(void com.sliit.af.config.WebConfig.addCorsMappings(CorsRegistry)) with parameters [org.springframework.web.servlet.config.annotation.CorsRegistry@2c719bd4]
2019-06-22 21:44:36.190  INFO 15704 --- [main] com.sliit.af.aspect.LoggingAspect        : begin executing execution(RestTemplate com.sliit.af.config.BeanConfig.restTemplate()) with parameters []
2019-06-22 21:44:36.417  INFO 15704 --- [main] pertySourcedRequestMappingHandlerMapping : Mapped URL path [/v2/api-docs] onto method [public org.springframework.http.ResponseEntity<springfox.documentation.spring.web.json.Json> springfox.documentation.swagger2.web.Swagger2Controller.getDocumentation(java.lang.String,javax.servlet.http.HttpServletRequest)]
2019-06-22 21:44:36.505  INFO 15704 --- [main] o.s.s.web.DefaultSecurityFilterChain     : Creating filter chain: any request, [org.springframework.security.web.context.request.async.WebAsyncManagerIntegrationFilter@7a31ca20, org.springframework.security.web.context.SecurityContextPersistenceFilter@191c6e13, org.springframework.security.web.header.HeaderWriterFilter@1472208d, org.springframework.web.filter.CorsFilter@349c4d1c, org.springframework.security.web.authentication.logout.LogoutFilter@5b2b8d86, com.sliit.af.config.JWTAuthenticationFilter@21edd891, com.sliit.af.config.JWTAuthorizationFilter@de579ff, org.springframework.security.web.savedrequest.RequestCacheAwareFilter@1a8e9ed9, org.springframework.security.web.servletapi.SecurityContextHolderAwareRequestFilter@23444a36, org.springframework.security.web.authentication.AnonymousAuthenticationFilter@7971c2a9, org.springframework.security.web.session.SessionManagementFilter@6de004f1, org.springframework.security.web.access.ExceptionTranslationFilter@36f6e521, org.springframework.security.web.access.intercept.FilterSecurityInterceptor@5b1e88f]
2019-06-22 21:44:36.778  INFO 15704 --- [main] o.s.s.concurrent.ThreadPoolTaskExecutor  : Initializing ExecutorService 'applicationTaskExecutor'
2019-06-22 21:44:37.005  INFO 15704 --- [main] d.s.w.p.DocumentationPluginsBootstrapper : Context refreshed
2019-06-22 21:44:37.024  INFO 15704 --- [main] d.s.w.p.DocumentationPluginsBootstrapper : Found 1 custom documentation plugin(s)
2019-06-22 21:44:37.076  INFO 15704 --- [main] s.d.s.w.s.ApiListingReferenceScanner     : Scanning for api listing references
2019-06-22 21:44:37.349  INFO 15704 --- [main] o.s.b.w.embedded.tomcat.TomcatWebServer  : Tomcat started on port(s): 9090 (http) with context path ''
2019-06-22 21:44:37.352  INFO 15704 --- [main] s.a.StudentInformationServiceApplication : Started StudentInformationServiceApplication in 6.824 seconds (JVM running for 7.986)
2019-06-22 21:44:48.903  INFO 15704 --- [http-nio-9090-exec-1] o.a.c.c.C.[Tomcat].[localhost].[/]       : Initializing Spring DispatcherServlet 'dispatcherServlet'
2019-06-22 21:44:48.903  INFO 15704 --- [http-nio-9090-exec-1] o.s.web.servlet.DispatcherServlet        : Initializing Servlet 'dispatcherServlet'
2019-06-22 21:44:48.917  INFO 15704 --- [http-nio-9090-exec-1] o.s.web.servlet.DispatcherServlet        : Completed initialization in 14 ms
2019-06-22 21:45:40.581  INFO 15704 --- [RMI TCP Connection(11)-127.0.0.1] inMXBeanRegistrar$SpringApplicationAdmin : Application shutdown requested.
2019-06-22 21:45:40.584  INFO 15704 --- [RMI TCP Connection(11)-127.0.0.1] o.s.s.concurrent.ThreadPoolTaskExecutor  : Shutting down ExecutorService 'applicationTaskExecutor'
2019-06-22 21:45:40.588  INFO 15704 --- [RMI TCP Connection(11)-127.0.0.1] org.mongodb.driver.connection            : Closed connection [connectionId{localValue:2, serverValue:23}] to localhost:27017 because the pool has been closed.
2019-06-22 21:45:54.114  INFO 15804 --- [main] s.a.StudentInformationServiceApplication : Starting StudentInformationServiceApplication on DESKTOP-TNVIL19 with PID 15804 (E:\Development\student-and-instructor-information-system\services\spring-boot\student-information-service\target\classes started by Tenusha in E:\Development\student-and-instructor-information-system\services\spring-boot\student-information-service)
2019-06-22 21:45:54.118  INFO 15804 --- [main] s.a.StudentInformationServiceApplication : The following profiles are active: dev
2019-06-22 21:45:55.293  INFO 15804 --- [main] .s.d.r.c.RepositoryConfigurationDelegate : Bootstrapping Spring Data repositories in DEFAULT mode.
2019-06-22 21:45:55.384  INFO 15804 --- [main] .s.d.r.c.RepositoryConfigurationDelegate : Finished Spring Data repository scanning in 83ms. Found 2 repository interfaces.
2019-06-22 21:45:56.271  INFO 15804 --- [main] o.s.b.w.embedded.tomcat.TomcatWebServer  : Tomcat initialized with port(s): 9090 (http)
2019-06-22 21:45:56.298  INFO 15804 --- [main] o.apache.catalina.core.StandardService   : Starting service [Tomcat]
2019-06-22 21:45:56.299  INFO 15804 --- [main] org.apache.catalina.core.StandardEngine  : Starting Servlet engine: [Apache Tomcat/9.0.17]
2019-06-22 21:45:56.434  INFO 15804 --- [main] o.a.c.c.C.[Tomcat].[localhost].[/]       : Initializing Spring embedded WebApplicationContext
2019-06-22 21:45:56.434  INFO 15804 --- [main] o.s.web.context.ContextLoader            : Root WebApplicationContext: initialization completed in 2249 ms
2019-06-22 21:45:57.534  INFO 15804 --- [main] org.mongodb.driver.cluster               : Cluster created with settings {hosts=[localhost:27017], mode=MULTIPLE, requiredClusterType=UNKNOWN, serverSelectionTimeout='30000 ms', maxWaitQueueSize=500}
2019-06-22 21:45:57.535  INFO 15804 --- [main] org.mongodb.driver.cluster               : Adding discovered server localhost:27017 to client view of cluster
2019-06-22 21:45:57.599  INFO 15804 --- [cluster-ClusterId{value='5d0e543d16cc7b3dbc0e8bfe', description='null'}-localhost:27017] org.mongodb.driver.connection            : Opened connection [connectionId{localValue:1, serverValue:24}] to localhost:27017
2019-06-22 21:45:57.605  INFO 15804 --- [cluster-ClusterId{value='5d0e543d16cc7b3dbc0e8bfe', description='null'}-localhost:27017] org.mongodb.driver.cluster               : Monitor thread successfully connected to server with description ServerDescription{address=localhost:27017, type=STANDALONE, state=CONNECTED, ok=true, version=ServerVersion{versionList=[4, 0, 9]}, minWireVersion=0, maxWireVersion=7, maxDocumentSize=16777216, logicalSessionTimeoutMinutes=30, roundTripTimeNanos=4153600}
2019-06-22 21:45:57.607  INFO 15804 --- [cluster-ClusterId{value='5d0e543d16cc7b3dbc0e8bfe', description='null'}-localhost:27017] org.mongodb.driver.cluster               : Discovered cluster type of STANDALONE
2019-06-22 21:45:57.996  INFO 15804 --- [main] org.mongodb.driver.connection            : Opened connection [connectionId{localValue:2, serverValue:25}] to localhost:27017
2019-06-22 21:45:58.282  INFO 15804 --- [main] com.sliit.af.aspect.LoggingAspect        : begin executing execution(BCryptPasswordEncoder com.sliit.af.config.BeanConfig.bCryptPasswordEncoder()) with parameters []
2019-06-22 21:45:58.945  INFO 15804 --- [main] com.sliit.af.aspect.LoggingAspect        : begin executing execution(void com.sliit.af.config.WebConfig.addCorsMappings(CorsRegistry)) with parameters [org.springframework.web.servlet.config.annotation.CorsRegistry@68b11545]
2019-06-22 21:45:59.103  INFO 15804 --- [main] com.sliit.af.aspect.LoggingAspect        : begin executing execution(RestTemplate com.sliit.af.config.BeanConfig.restTemplate()) with parameters []
2019-06-22 21:45:59.322  INFO 15804 --- [main] pertySourcedRequestMappingHandlerMapping : Mapped URL path [/v2/api-docs] onto method [public org.springframework.http.ResponseEntity<springfox.documentation.spring.web.json.Json> springfox.documentation.swagger2.web.Swagger2Controller.getDocumentation(java.lang.String,javax.servlet.http.HttpServletRequest)]
2019-06-22 21:45:59.405  INFO 15804 --- [main] o.s.s.web.DefaultSecurityFilterChain     : Creating filter chain: any request, [org.springframework.security.web.context.request.async.WebAsyncManagerIntegrationFilter@4d354a3e, org.springframework.security.web.context.SecurityContextPersistenceFilter@14b275bd, org.springframework.security.web.header.HeaderWriterFilter@18e4674d, org.springframework.web.filter.CorsFilter@24a0c58b, org.springframework.security.web.authentication.logout.LogoutFilter@8fcc534, com.sliit.af.config.JWTAuthenticationFilter@604d28c6, com.sliit.af.config.JWTAuthorizationFilter@7f3c0399, org.springframework.security.web.savedrequest.RequestCacheAwareFilter@4b03cbad, org.springframework.security.web.servletapi.SecurityContextHolderAwareRequestFilter@527a8665, org.springframework.security.web.authentication.AnonymousAuthenticationFilter@183fc2fa, org.springframework.security.web.session.SessionManagementFilter@6af609ea, org.springframework.security.web.access.ExceptionTranslationFilter@43a4a9e5, org.springframework.security.web.access.intercept.FilterSecurityInterceptor@353e6389]
2019-06-22 21:45:59.675  INFO 15804 --- [main] o.s.s.concurrent.ThreadPoolTaskExecutor  : Initializing ExecutorService 'applicationTaskExecutor'
2019-06-22 21:45:59.901  INFO 15804 --- [main] d.s.w.p.DocumentationPluginsBootstrapper : Context refreshed
2019-06-22 21:45:59.920  INFO 15804 --- [main] d.s.w.p.DocumentationPluginsBootstrapper : Found 1 custom documentation plugin(s)
2019-06-22 21:45:59.964  INFO 15804 --- [main] s.d.s.w.s.ApiListingReferenceScanner     : Scanning for api listing references
2019-06-22 21:46:00.245  INFO 15804 --- [main] o.s.b.w.embedded.tomcat.TomcatWebServer  : Tomcat started on port(s): 9090 (http) with context path ''
2019-06-22 21:46:00.248  INFO 15804 --- [main] s.a.StudentInformationServiceApplication : Started StudentInformationServiceApplication in 6.593 seconds (JVM running for 7.541)
2019-06-22 21:46:04.078  INFO 15804 --- [http-nio-9090-exec-1] o.a.c.c.C.[Tomcat].[localhost].[/]       : Initializing Spring DispatcherServlet 'dispatcherServlet'
2019-06-22 21:46:04.078  INFO 15804 --- [http-nio-9090-exec-1] o.s.web.servlet.DispatcherServlet        : Initializing Servlet 'dispatcherServlet'
2019-06-22 21:46:04.114  INFO 15804 --- [http-nio-9090-exec-1] o.s.web.servlet.DispatcherServlet        : Completed initialization in 36 ms
2019-06-22 21:47:10.580  INFO 15804 --- [http-nio-9090-exec-8] com.sliit.af.aspect.LoggingAspect        : begin executing execution(UserDetails com.sliit.af.service.impl.UserServiceImpl.loadUserByUsername(String)) with parameters [araroxs@gmail.com]
2019-06-22 21:47:10.584  INFO 15804 --- [http-nio-9090-exec-8] com.sliit.af.aspect.LoggingAspect        : begin executing execution(Optional com.sliit.af.repository.UserRepository.findByEmail(String)) with parameters [araroxs@gmail.com]
2019-06-22 21:47:22.993  INFO 15804 --- [http-nio-9090-exec-6] com.sliit.af.aspect.LoggingAspect        : begin executing execution(UserDetails com.sliit.af.service.impl.UserServiceImpl.loadUserByUsername(String)) with parameters [araroxs@gmail.com]
2019-06-22 21:47:22.994  INFO 15804 --- [http-nio-9090-exec-6] com.sliit.af.aspect.LoggingAspect        : begin executing execution(Optional com.sliit.af.repository.UserRepository.findByEmail(String)) with parameters [araroxs@gmail.com]
2019-06-22 21:48:04.625  INFO 15804 --- [http-nio-9090-exec-4] com.sliit.af.aspect.LoggingAspect        : begin executing execution(ResponseEntity com.sliit.af.controller.UserController.confirmRegistration(String)) with parameters [05f36997-bdd8-4c0d-84a4-eebe2a256db4]
2019-06-22 21:48:04.628  INFO 15804 --- [http-nio-9090-exec-4] com.sliit.af.aspect.LoggingAspect        : begin executing execution(User com.sliit.af.service.impl.UserServiceImpl.getByToken(String)) with parameters [05f36997-bdd8-4c0d-84a4-eebe2a256db4]
2019-06-22 21:48:04.629  INFO 15804 --- [http-nio-9090-exec-4] com.sliit.af.aspect.LoggingAspect        : begin executing execution(Optional com.sliit.af.repository.UserRepository.findByVerificationTokenToken(String)) with parameters [05f36997-bdd8-4c0d-84a4-eebe2a256db4]
2019-06-22 21:48:04.634  INFO 15804 --- [http-nio-9090-exec-4] com.sliit.af.aspect.LoggingAspect        : begin executing execution(User com.sliit.af.service.impl.UserServiceImpl.save(User)) with parameters [User(id=5d0e4ed916cc7b46d8915993, firstName=Tenusha, lastName=Guruge, mobile=0777296705, address=506/1, Parackrama Mawatha
Thalahena, email=axio0695@gmail.com, password=$2a$10$hskm0WU.mRQkOWPzL7FQL.1qxQ7w2wqFUgI1RdnI4KFtjsw6s4gMC, permissionLevel=1, isEnabled=true, roles=[Role(id=5d0cd3e1c1136e3247140e1c, role=STUDENT)], verificationToken=VerificationToken(id=2ee5af4b-5fe0-4f95-ab0e-4f7a4a6e0436, token=05f36997-bdd8-4c0d-84a4-eebe2a256db4, expiryDate=2019-06-22T21:22:57.646), faculty=[cf], degree=[bm], courses=[], nic=952950118V)]
2019-06-22 21:48:04.637  INFO 15804 --- [http-nio-9090-exec-4] com.sliit.af.aspect.LoggingAspect        : begin executing execution(Optional org.springframework.data.repository.CrudRepository.findById(Object)) with parameters [5d0e4ed916cc7b46d8915993]
2019-06-22 21:48:04.644  INFO 15804 --- [http-nio-9090-exec-4] com.sliit.af.aspect.LoggingAspect        : begin executing execution(Object org.springframework.data.repository.CrudRepository.save(Object)) with parameters [User(id=5d0e4ed916cc7b46d8915993, firstName=Tenusha, lastName=Guruge, mobile=0777296705, address=506/1, Parackrama Mawatha
Thalahena, email=axio0695@gmail.com, password=$2a$10$hskm0WU.mRQkOWPzL7FQL.1qxQ7w2wqFUgI1RdnI4KFtjsw6s4gMC, permissionLevel=1, isEnabled=false, roles=[Role(id=5d0cd3e1c1136e3247140e1c, role=STUDENT)], verificationToken=VerificationToken(id=2ee5af4b-5fe0-4f95-ab0e-4f7a4a6e0436, token=05f36997-bdd8-4c0d-84a4-eebe2a256db4, expiryDate=2019-06-22T21:22:57.646), faculty=[cf], degree=[bm], courses=[], nic=952950118V)]
2019-06-22 21:49:05.159  INFO 15804 --- [http-nio-9090-exec-8] com.sliit.af.aspect.LoggingAspect        : begin executing execution(UserDetails com.sliit.af.service.impl.UserServiceImpl.loadUserByUsername(String)) with parameters [araroxs@gmail.com]
2019-06-22 21:49:05.160  INFO 15804 --- [http-nio-9090-exec-8] com.sliit.af.aspect.LoggingAspect        : begin executing execution(Optional com.sliit.af.repository.UserRepository.findByEmail(String)) with parameters [araroxs@gmail.com]
