2019-06-22 21:44:25.592  INFO 4584 --- [main] c.sliit.af.FileManageServiceApplication  : Starting FileManageServiceApplication on DESKTOP-TNVIL19 with PID 4584 (E:\Development\student-and-instructor-information-system\services\spring-boot\file-manage-service\target\classes started by Tenusha in E:\Development\student-and-instructor-information-system\services\spring-boot\file-manage-service)
2019-06-22 21:44:25.596  INFO 4584 --- [main] c.sliit.af.FileManageServiceApplication  : No active profile set, falling back to default profiles: default
2019-06-22 21:44:27.177  INFO 4584 --- [main] o.s.b.w.embedded.tomcat.TomcatWebServer  : Tomcat initialized with port(s): 9091 (http)
2019-06-22 21:44:27.202  INFO 4584 --- [main] o.apache.catalina.core.StandardService   : Starting service [Tomcat]
2019-06-22 21:44:27.218  INFO 4584 --- [main] org.apache.catalina.core.StandardEngine  : Starting Servlet engine: [Apache Tomcat/9.0.17]
2019-06-22 21:44:27.325  INFO 4584 --- [main] o.a.c.c.C.[Tomcat].[localhost].[/]       : Initializing Spring embedded WebApplicationContext
2019-06-22 21:44:27.325  INFO 4584 --- [main] o.s.web.context.ContextLoader            : Root WebApplicationContext: initialization completed in 1671 ms
2019-06-22 21:44:27.758  INFO 4584 --- [main] o.s.s.concurrent.ThreadPoolTaskExecutor  : Initializing ExecutorService 'applicationTaskExecutor'
2019-06-22 21:44:28.044  INFO 4584 --- [main] o.s.b.w.embedded.tomcat.TomcatWebServer  : Tomcat started on port(s): 9091 (http) with context path ''
2019-06-22 21:44:28.050  INFO 4584 --- [main] c.sliit.af.FileManageServiceApplication  : Started FileManageServiceApplication in 2.887 seconds (JVM running for 3.844)
2019-06-22 22:04:40.533  INFO 4584 --- [http-nio-9091-exec-1] o.a.c.c.C.[Tomcat].[localhost].[/]       : Initializing Spring DispatcherServlet 'dispatcherServlet'
2019-06-22 22:04:40.533  INFO 4584 --- [http-nio-9091-exec-1] o.s.web.servlet.DispatcherServlet        : Initializing Servlet 'dispatcherServlet'
2019-06-22 22:04:40.544  INFO 4584 --- [http-nio-9091-exec-1] o.s.web.servlet.DispatcherServlet        : Completed initialization in 11 ms
2019-06-22 22:04:40.800  INFO 4584 --- [http-nio-9091-exec-1] com.sliit.af.aspect.LoggingAspect        : begin executing execution(List com.sliit.af.controller.FileController.uploadMultipleFiles(MultipartFile[])) with parameters [[org.springframework.web.multipart.support.StandardMultipartHttpServletRequest$StandardMultipartFile@500198c1, org.springframework.web.multipart.support.StandardMultipartHttpServletRequest$StandardMultipartFile@5c0d69f0]]
2019-06-22 22:04:40.815  INFO 4584 --- [http-nio-9091-exec-1] com.sliit.af.aspect.LoggingAspect        : begin executing execution(String com.sliit.af.service.impl.FileServiceImpl.storeFile(MultipartFile)) with parameters [org.springframework.web.multipart.support.StandardMultipartHttpServletRequest$StandardMultipartFile@500198c1]
2019-06-22 22:04:40.836  INFO 4584 --- [http-nio-9091-exec-1] com.sliit.af.aspect.LoggingAspect        : begin executing execution(String com.sliit.af.service.impl.FileServiceImpl.storeFile(MultipartFile)) with parameters [org.springframework.web.multipart.support.StandardMultipartHttpServletRequest$StandardMultipartFile@5c0d69f0]
2019-06-22 22:08:11.143  INFO 4584 --- [http-nio-9091-exec-3] com.sliit.af.aspect.LoggingAspect        : begin executing execution(List com.sliit.af.controller.FileController.uploadMultipleFiles(MultipartFile[])) with parameters [[org.springframework.web.multipart.support.StandardMultipartHttpServletRequest$StandardMultipartFile@4964845]]
2019-06-22 22:08:11.144  INFO 4584 --- [http-nio-9091-exec-3] com.sliit.af.aspect.LoggingAspect        : begin executing execution(String com.sliit.af.service.impl.FileServiceImpl.storeFile(MultipartFile)) with parameters [org.springframework.web.multipart.support.StandardMultipartHttpServletRequest$StandardMultipartFile@4964845]
2019-06-22 22:19:45.270  INFO 4584 --- [http-nio-9091-exec-5] com.sliit.af.aspect.LoggingAspect        : begin executing execution(List com.sliit.af.controller.FileController.uploadMultipleFiles(MultipartFile[])) with parameters [[org.springframework.web.multipart.support.StandardMultipartHttpServletRequest$StandardMultipartFile@1fe42bc5]]
2019-06-22 22:19:45.272  INFO 4584 --- [http-nio-9091-exec-5] com.sliit.af.aspect.LoggingAspect        : begin executing execution(String com.sliit.af.service.impl.FileServiceImpl.storeFile(MultipartFile)) with parameters [org.springframework.web.multipart.support.StandardMultipartHttpServletRequest$StandardMultipartFile@1fe42bc5]
2019-06-22 22:21:01.336  INFO 4584 --- [http-nio-9091-exec-7] com.sliit.af.aspect.LoggingAspect        : begin executing execution(List com.sliit.af.controller.FileController.uploadMultipleFiles(MultipartFile[])) with parameters [[org.springframework.web.multipart.support.StandardMultipartHttpServletRequest$StandardMultipartFile@5f11c97a]]
2019-06-22 22:21:01.336  INFO 4584 --- [http-nio-9091-exec-7] com.sliit.af.aspect.LoggingAspect        : begin executing execution(String com.sliit.af.service.impl.FileServiceImpl.storeFile(MultipartFile)) with parameters [org.springframework.web.multipart.support.StandardMultipartHttpServletRequest$StandardMultipartFile@5f11c97a]
2019-06-22 22:21:55.069  INFO 4584 --- [http-nio-9091-exec-8] com.sliit.af.aspect.LoggingAspect        : begin executing execution(List com.sliit.af.controller.FileController.uploadMultipleFiles(MultipartFile[])) with parameters [[]]
2019-06-22 22:23:35.567  INFO 4584 --- [http-nio-9091-exec-10] com.sliit.af.aspect.LoggingAspect        : begin executing execution(List com.sliit.af.controller.FileController.uploadMultipleFiles(MultipartFile[])) with parameters [[]]
2019-06-22 22:24:24.651  INFO 4584 --- [http-nio-9091-exec-1] com.sliit.af.aspect.LoggingAspect        : begin executing execution(List com.sliit.af.controller.FileController.uploadMultipleFiles(MultipartFile[])) with parameters [[]]
2019-06-22 22:26:01.602  INFO 4584 --- [http-nio-9091-exec-3] com.sliit.af.aspect.LoggingAspect        : begin executing execution(List com.sliit.af.controller.FileController.uploadMultipleFiles(MultipartFile[])) with parameters [[]]
2019-06-22 22:27:22.901  INFO 4584 --- [http-nio-9091-exec-5] com.sliit.af.aspect.LoggingAspect        : begin executing execution(List com.sliit.af.controller.FileController.uploadMultipleFiles(MultipartFile[])) with parameters [[org.springframework.web.multipart.support.StandardMultipartHttpServletRequest$StandardMultipartFile@5572d9af, org.springframework.web.multipart.support.StandardMultipartHttpServletRequest$StandardMultipartFile@3ac95912]]
2019-06-22 22:27:22.902  INFO 4584 --- [http-nio-9091-exec-5] com.sliit.af.aspect.LoggingAspect        : begin executing execution(String com.sliit.af.service.impl.FileServiceImpl.storeFile(MultipartFile)) with parameters [org.springframework.web.multipart.support.StandardMultipartHttpServletRequest$StandardMultipartFile@5572d9af]
2019-06-22 22:27:22.905  INFO 4584 --- [http-nio-9091-exec-5] com.sliit.af.aspect.LoggingAspect        : begin executing execution(String com.sliit.af.service.impl.FileServiceImpl.storeFile(MultipartFile)) with parameters [org.springframework.web.multipart.support.StandardMultipartHttpServletRequest$StandardMultipartFile@3ac95912]
2019-06-22 22:27:53.053  INFO 4584 --- [http-nio-9091-exec-6] com.sliit.af.aspect.LoggingAspect        : begin executing execution(List com.sliit.af.controller.FileController.uploadMultipleFiles(MultipartFile[])) with parameters [[]]
2019-06-22 22:29:31.526  INFO 4584 --- [http-nio-9091-exec-8] com.sliit.af.aspect.LoggingAspect        : begin executing execution(List com.sliit.af.controller.FileController.uploadMultipleFiles(MultipartFile[])) with parameters [[org.springframework.web.multipart.support.StandardMultipartHttpServletRequest$StandardMultipartFile@2f2f8ae8, org.springframework.web.multipart.support.StandardMultipartHttpServletRequest$StandardMultipartFile@6875aaed]]
2019-06-22 22:29:31.526  INFO 4584 --- [http-nio-9091-exec-8] com.sliit.af.aspect.LoggingAspect        : begin executing execution(String com.sliit.af.service.impl.FileServiceImpl.storeFile(MultipartFile)) with parameters [org.springframework.web.multipart.support.StandardMultipartHttpServletRequest$StandardMultipartFile@2f2f8ae8]
2019-06-22 22:29:31.529  INFO 4584 --- [http-nio-9091-exec-8] com.sliit.af.aspect.LoggingAspect        : begin executing execution(String com.sliit.af.service.impl.FileServiceImpl.storeFile(MultipartFile)) with parameters [org.springframework.web.multipart.support.StandardMultipartHttpServletRequest$StandardMultipartFile@6875aaed]
2019-06-22 22:29:54.985  INFO 4584 --- [http-nio-9091-exec-9] com.sliit.af.aspect.LoggingAspect        : begin executing execution(List com.sliit.af.controller.FileController.uploadMultipleFiles(MultipartFile[])) with parameters [[]]
2019-06-22 22:33:24.144  INFO 4584 --- [http-nio-9091-exec-1] com.sliit.af.aspect.LoggingAspect        : begin executing execution(ResponseEntity com.sliit.af.controller.FileController.downloadFile(String,HttpServletRequest)) with parameters [App.js, org.apache.catalina.connector.RequestFacade@6ec044c3]
2019-06-22 22:33:24.145  INFO 4584 --- [http-nio-9091-exec-1] com.sliit.af.aspect.LoggingAspect        : begin executing execution(Resource com.sliit.af.service.impl.FileServiceImpl.loadFileAsResource(String)) with parameters [App.js]
